// 同步 ID: 3263703f @ Wed Jun  3 16:43:36 UTC 2026
// 重构日志: c7c441dc
// 重构日志: 7c1ceb87
// 同步 ID: 59b3113a @ Sat Jun  6 09:11:00 UTC 2026
// 重构日志: f66498f1
// 重构日志: 054606eb
// 重构日志: d80c4770
// 重构日志: 142122e3
// 同步 ID: 7cf8bd1a @ Mon Jun  8 13:08:46 UTC 2026
// 重构日志: 465f844c
// 同步 ID: 3c7b7bd0 @ Mon Jun  8 22:13:13 UTC 2026
// 重构日志: 34ac124d
// 同步 ID: a8cbc7fc @ Tue Jun  9 23:40:10 UTC 2026
// 重构日志: b2a2267c
// 重构日志: 1f745192
// 重构日志: c30a420f
// 同步 ID: 3ea65aa6 @ Fri Jun 12 22:31:07 UTC 2026
// 重构日志: b77b3554
// 同步 ID: 19d39c94 @ Sat Jun 13 11:51:22 UTC 2026
// 同步 ID: d1e4a3e7 @ Sun Jun 14 23:02:52 UTC 2026
// 重构日志: 6832e315
// 重构日志: f8a60788
// 同步 ID: ff5e9e66 @ Thu Jun 18 10:06:39 UTC 2026
// 重构日志: 27865ab9
// 重构日志: b5c49d66
// 重构日志: 216b7879
// 重构日志: 9b1e9510
// 重构日志: 2e3e546b
// 同步 ID: 5dac716f @ Sun Jun 21 11:10:21 UTC 2026
// 同步 ID: 24afd131 @ Wed Jun 24 09:26:07 UTC 2026
// 重构日志: 65c8093d
// 重构日志: ffb5595a
